Determining if the Q_WS_WIN exist failed with the following output:
Change Dir: /home/jorge/robocomp/components/myfirstcomp/CMakeFiles/CMakeTmp

Run Build Command:"/usr/bin/make" "cmTC_6b0cb/fast"
/usr/bin/make -f CMakeFiles/cmTC_6b0cb.dir/build.make CMakeFiles/cmTC_6b0cb.dir/build
make[1]: se entra en el directorio '/home/jorge/robocomp/components/myfirstcomp/CMakeFiles/CMakeTmp'
Building CXX object CMakeFiles/cmTC_6b0cb.dir/CheckSymbolExists.cxx.o
/usr/bin/c++   -I/usr/include/qt4   -o CMakeFiles/cmTC_6b0cb.dir/CheckSymbolExists.cxx.o -c /home/jorge/robocomp/components/myfirstcomp/CMakeFiles/CMakeTmp/CheckSymbolExists.cxx
/home/jorge/robocomp/components/myfirstcomp/CMakeFiles/CMakeTmp/CheckSymbolExists.cxx: In function ‘int main(int, char**)’:
/home/jorge/robocomp/components/myfirstcomp/CMakeFiles/CMakeTmp/CheckSymbolExists.cxx:8:19: error: ‘Q_WS_WIN’ was not declared in this scope
   return ((int*)(&Q_WS_WIN))[argc];
                   ^~~~~~~~
/home/jorge/robocomp/components/myfirstcomp/CMakeFiles/CMakeTmp/CheckSymbolExists.cxx:8:19: note: suggested alternative: ‘Q_WS_X11’
   return ((int*)(&Q_WS_WIN))[argc];
                   ^~~~~~~~
                   Q_WS_X11
CMakeFiles/cmTC_6b0cb.dir/build.make:65: recipe for target 'CMakeFiles/cmTC_6b0cb.dir/CheckSymbolExists.cxx.o' failed
make[1]: *** [CMakeFiles/cmTC_6b0cb.dir/CheckSymbolExists.cxx.o] Error 1
make[1]: se sale del directorio '/home/jorge/robocomp/components/myfirstcomp/CMakeFiles/CMakeTmp'
Makefile:126: recipe for target 'cmTC_6b0cb/fast' failed
make: *** [cmTC_6b0cb/fast] Error 2

File /home/jorge/robocomp/components/myfirstcomp/CMakeFiles/CMakeTmp/CheckSymbolExists.cxx:
/* */
#include <QtCore/qglobal.h>

int main(int argc, char** argv)
{
  (void)argv;
#ifndef Q_WS_WIN
  return ((int*)(&Q_WS_WIN))[argc];
#else
  (void)argc;
  return 0;
#endif
}

Determining if the Q_WS_QWS exist failed with the following output:
Change Dir: /home/jorge/robocomp/components/myfirstcomp/CMakeFiles/CMakeTmp

Run Build Command:"/usr/bin/make" "cmTC_923f3/fast"
/usr/bin/make -f CMakeFiles/cmTC_923f3.dir/build.make CMakeFiles/cmTC_923f3.dir/build
make[1]: se entra en el directorio '/home/jorge/robocomp/components/myfirstcomp/CMakeFiles/CMakeTmp'
Building CXX object CMakeFiles/cmTC_923f3.dir/CheckSymbolExists.cxx.o
/usr/bin/c++   -I/usr/include/qt4   -o CMakeFiles/cmTC_923f3.dir/CheckSymbolExists.cxx.o -c /home/jorge/robocomp/components/myfirstcomp/CMakeFiles/CMakeTmp/CheckSymbolExists.cxx
/home/jorge/robocomp/components/myfirstcomp/CMakeFiles/CMakeTmp/CheckSymbolExists.cxx: In function ‘int main(int, char**)’:
/home/jorge/robocomp/components/myfirstcomp/CMakeFiles/CMakeTmp/CheckSymbolExists.cxx:8:19: error: ‘Q_WS_QWS’ was not declared in this scope
   return ((int*)(&Q_WS_QWS))[argc];
                   ^~~~~~~~
/home/jorge/robocomp/components/myfirstcomp/CMakeFiles/CMakeTmp/CheckSymbolExists.cxx:8:19: note: suggested alternative: ‘Q_WS_X11’
   return ((int*)(&Q_WS_QWS))[argc];
                   ^~~~~~~~
                   Q_WS_X11
CMakeFiles/cmTC_923f3.dir/build.make:65: recipe for target 'CMakeFiles/cmTC_923f3.dir/CheckSymbolExists.cxx.o' failed
make[1]: *** [CMakeFiles/cmTC_923f3.dir/CheckSymbolExists.cxx.o] Error 1
make[1]: se sale del directorio '/home/jorge/robocomp/components/myfirstcomp/CMakeFiles/CMakeTmp'
Makefile:126: recipe for target 'cmTC_923f3/fast' failed
make: *** [cmTC_923f3/fast] Error 2

File /home/jorge/robocomp/components/myfirstcomp/CMakeFiles/CMakeTmp/CheckSymbolExists.cxx:
/* */
#include <QtCore/qglobal.h>

int main(int argc, char** argv)
{
  (void)argv;
#ifndef Q_WS_QWS
  return ((int*)(&Q_WS_QWS))[argc];
#else
  (void)argc;
  return 0;
#endif
}

Determining if the Q_WS_MAC exist failed with the following output:
Change Dir: /home/jorge/robocomp/components/myfirstcomp/CMakeFiles/CMakeTmp

Run Build Command:"/usr/bin/make" "cmTC_bb350/fast"
/usr/bin/make -f CMakeFiles/cmTC_bb350.dir/build.make CMakeFiles/cmTC_bb350.dir/build
make[1]: se entra en el directorio '/home/jorge/robocomp/components/myfirstcomp/CMakeFiles/CMakeTmp'
Building CXX object CMakeFiles/cmTC_bb350.dir/CheckSymbolExists.cxx.o
/usr/bin/c++   -I/usr/include/qt4   -o CMakeFiles/cmTC_bb350.dir/CheckSymbolExists.cxx.o -c /home/jorge/robocomp/components/myfirstcomp/CMakeFiles/CMakeTmp/CheckSymbolExists.cxx
/home/jorge/robocomp/components/myfirstcomp/CMakeFiles/CMakeTmp/CheckSymbolExists.cxx: In function ‘int main(int, char**)’:
/home/jorge/robocomp/components/myfirstcomp/CMakeFiles/CMakeTmp/CheckSymbolExists.cxx:8:19: error: ‘Q_WS_MAC’ was not declared in this scope
   return ((int*)(&Q_WS_MAC))[argc];
                   ^~~~~~~~
/home/jorge/robocomp/components/myfirstcomp/CMakeFiles/CMakeTmp/CheckSymbolExists.cxx:8:19: note: suggested alternative: ‘Q_WS_X11’
   return ((int*)(&Q_WS_MAC))[argc];
                   ^~~~~~~~
                   Q_WS_X11
CMakeFiles/cmTC_bb350.dir/build.make:65: recipe for target 'CMakeFiles/cmTC_bb350.dir/CheckSymbolExists.cxx.o' failed
make[1]: *** [CMakeFiles/cmTC_bb350.dir/CheckSymbolExists.cxx.o] Error 1
make[1]: se sale del directorio '/home/jorge/robocomp/components/myfirstcomp/CMakeFiles/CMakeTmp'
Makefile:126: recipe for target 'cmTC_bb350/fast' failed
make: *** [cmTC_bb350/fast] Error 2

File /home/jorge/robocomp/components/myfirstcomp/CMakeFiles/CMakeTmp/CheckSymbolExists.cxx:
/* */
#include <QtCore/qglobal.h>

int main(int argc, char** argv)
{
  (void)argv;
#ifndef Q_WS_MAC
  return ((int*)(&Q_WS_MAC))[argc];
#else
  (void)argc;
  return 0;
#endif
}

Determining if the pthread_create exist failed with the following output:
Change Dir: /home/jorge/robocomp/components/myfirstcomp/CMakeFiles/CMakeTmp

Run Build Command:"/usr/bin/make" "cmTC_cd2c6/fast"
/usr/bin/make -f CMakeFiles/cmTC_cd2c6.dir/build.make CMakeFiles/cmTC_cd2c6.dir/build
make[1]: se entra en el directorio '/home/jorge/robocomp/components/myfirstcomp/CMakeFiles/CMakeTmp'
Building C object CMakeFiles/cmTC_cd2c6.dir/CheckSymbolExists.c.o
/usr/bin/cc    -o CMakeFiles/cmTC_cd2c6.dir/CheckSymbolExists.c.o   -c /home/jorge/robocomp/components/myfirstcomp/CMakeFiles/CMakeTmp/CheckSymbolExists.c
Linking C executable cmTC_cd2c6
/usr/bin/cmake -E cmake_link_script CMakeFiles/cmTC_cd2c6.dir/link.txt --verbose=1
/usr/bin/cc      -rdynamic CMakeFiles/cmTC_cd2c6.dir/CheckSymbolExists.c.o  -o cmTC_cd2c6 
CMakeFiles/cmTC_cd2c6.dir/CheckSymbolExists.c.o: En la función `main':
CheckSymbolExists.c:(.text+0x1b): referencia a `pthread_create' sin definir
collect2: error: ld returned 1 exit status
CMakeFiles/cmTC_cd2c6.dir/build.make:97: recipe for target 'cmTC_cd2c6' failed
make[1]: *** [cmTC_cd2c6] Error 1
make[1]: se sale del directorio '/home/jorge/robocomp/components/myfirstcomp/CMakeFiles/CMakeTmp'
Makefile:126: recipe for target 'cmTC_cd2c6/fast' failed
make: *** [cmTC_cd2c6/fast] Error 2

File /home/jorge/robocomp/components/myfirstcomp/CMakeFiles/CMakeTmp/CheckSymbolExists.c:
/* */
#include <pthread.h>

int main(int argc, char** argv)
{
  (void)argv;
#ifndef pthread_create
  return ((int*)(&pthread_create))[argc];
#else
  (void)argc;
  return 0;
#endif
}

Determining if the function pthread_create exists in the pthreads failed with the following output:
Change Dir: /home/jorge/robocomp/components/myfirstcomp/CMakeFiles/CMakeTmp

Run Build Command:"/usr/bin/make" "cmTC_53059/fast"
/usr/bin/make -f CMakeFiles/cmTC_53059.dir/build.make CMakeFiles/cmTC_53059.dir/build
make[1]: se entra en el directorio '/home/jorge/robocomp/components/myfirstcomp/CMakeFiles/CMakeTmp'
Building C object CMakeFiles/cmTC_53059.dir/CheckFunctionExists.c.o
/usr/bin/cc   -DCHECK_FUNCTION_EXISTS=pthread_create   -o CMakeFiles/cmTC_53059.dir/CheckFunctionExists.c.o   -c /usr/share/cmake-3.10/Modules/CheckFunctionExists.c
Linking C executable cmTC_53059
/usr/bin/cmake -E cmake_link_script CMakeFiles/cmTC_53059.dir/link.txt --verbose=1
/usr/bin/cc  -DCHECK_FUNCTION_EXISTS=pthread_create    -rdynamic CMakeFiles/cmTC_53059.dir/CheckFunctionExists.c.o  -o cmTC_53059 -lpthreads 
/usr/bin/x86_64-linux-gnu-ld: no se puede encontrar -lpthreads
collect2: error: ld returned 1 exit status
CMakeFiles/cmTC_53059.dir/build.make:97: recipe for target 'cmTC_53059' failed
make[1]: *** [cmTC_53059] Error 1
make[1]: se sale del directorio '/home/jorge/robocomp/components/myfirstcomp/CMakeFiles/CMakeTmp'
Makefile:126: recipe for target 'cmTC_53059/fast' failed
make: *** [cmTC_53059/fast] Error 2


